{"__type":"$$EventMessageAudit","id":"f78a4c80-4240-4191-b567-75debc58252a","ts":"2025-11-05T15:38:11.559+00:00","eventName":"n8n.audit.workflow.created","message":"n8n.audit.workflow.created","payload":{"userId":"a614c5ae-157d-491b-9aac-da5077fb49ae","_email":"pashitoxx@gmail.com","_firstName":"JUAN","_lastName":"GONZALEZ","globalRole":"global:owner","workflowId":"AfNyHpaLtECTzz5w","workflowName":"My workflow"}}
{"__type":"$$EventMessageConfirm","confirm":"f78a4c80-4240-4191-b567-75debc58252a","ts":"2025-11-05T15:38:11.559+00:00","source":{"id":"0","name":"eventBus"}}
{"__type":"$$EventMessageAudit","id":"b8f1007d-7aaa-4930-9699-9a6f25c8df53","ts":"2025-11-05T15:47:44.377+00:00","eventName":"n8n.audit.user.credentials.created","message":"n8n.audit.user.credentials.created","payload":{"userId":"a614c5ae-157d-491b-9aac-da5077fb49ae","_email":"pashitoxx@gmail.com","_firstName":"JUAN","_lastName":"GONZALEZ","globalRole":"global:owner","credentialType":"postgres","credentialId":"uKwrPYtngc0KA27u","publicApi":false,"projectId":"Me0mWlo5qOgw7Ntd","projectType":"personal"}}
{"__type":"$$EventMessageConfirm","confirm":"b8f1007d-7aaa-4930-9699-9a6f25c8df53","ts":"2025-11-05T15:47:44.377+00:00","source":{"id":"0","name":"eventBus"}}
{"__type":"$$EventMessageAudit","id":"e66dae16-9f56-4a4e-b4b7-7f0509b383ce","ts":"2025-11-05T15:50:38.947+00:00","eventName":"n8n.audit.workflow.updated","message":"n8n.audit.workflow.updated","payload":{"userId":"a614c5ae-157d-491b-9aac-da5077fb49ae","_email":"pashitoxx@gmail.com","_firstName":"JUAN","_lastName":"GONZALEZ","globalRole":"global:owner","workflowId":"AfNyHpaLtECTzz5w","workflowName":"My workflow"}}
{"__type":"$$EventMessageConfirm","confirm":"e66dae16-9f56-4a4e-b4b7-7f0509b383ce","ts":"2025-11-05T15:50:38.947+00:00","source":{"id":"0","name":"eventBus"}}
{"__type":"$$EventMessageAudit","id":"cfe160cf-f7e9-4414-a43e-315cc8da41d1","ts":"2025-11-05T10:51:34.078-05:00","eventName":"n8n.audit.workflow.updated","message":"n8n.audit.workflow.updated","payload":{"userId":"a614c5ae-157d-491b-9aac-da5077fb49ae","_email":"pashitoxx@gmail.com","_firstName":"JUAN","_lastName":"GONZALEZ","globalRole":"global:owner","workflowId":"AfNyHpaLtECTzz5w","workflowName":"My workflow"}}
{"__type":"$$EventMessageConfirm","confirm":"cfe160cf-f7e9-4414-a43e-315cc8da41d1","ts":"2025-11-05T10:51:34.078-05:00","source":{"id":"0","name":"eventBus"}}
{"__type":"$$EventMessageAudit","id":"06feeb55-0b80-4b2b-a499-12d37b9df409","ts":"2025-11-05T10:51:35.325-05:00","eventName":"n8n.audit.workflow.updated","message":"n8n.audit.workflow.updated","payload":{"userId":"a614c5ae-157d-491b-9aac-da5077fb49ae","_email":"pashitoxx@gmail.com","_firstName":"JUAN","_lastName":"GONZALEZ","globalRole":"global:owner","workflowId":"AfNyHpaLtECTzz5w","workflowName":"My workflow"}}
{"__type":"$$EventMessageConfirm","confirm":"06feeb55-0b80-4b2b-a499-12d37b9df409","ts":"2025-11-05T10:51:35.325-05:00","source":{"id":"0","name":"eventBus"}}
{"__type":"$$EventMessageAudit","id":"9af4c47e-507c-484e-938a-99234be308ce","ts":"2025-11-05T10:51:46.992-05:00","eventName":"n8n.audit.workflow.updated","message":"n8n.audit.workflow.updated","payload":{"userId":"a614c5ae-157d-491b-9aac-da5077fb49ae","_email":"pashitoxx@gmail.com","_firstName":"JUAN","_lastName":"GONZALEZ","globalRole":"global:owner","workflowId":"AfNyHpaLtECTzz5w","workflowName":"My workflow"}}
{"__type":"$$EventMessageConfirm","confirm":"9af4c47e-507c-484e-938a-99234be308ce","ts":"2025-11-05T10:51:46.992-05:00","source":{"id":"0","name":"eventBus"}}
{"__type":"$$EventMessageWorkflow","id":"5fd00254-1a1d-4325-a3df-281bee4b9940","ts":"2025-11-05T10:52:00.478-05:00","eventName":"n8n.workflow.started","message":"n8n.workflow.started","payload":{"executionId":"1","workflowId":"AfNyHpaLtECTzz5w","isManual":false,"workflowName":"My workflow"}}
{"__type":"$$EventMessageConfirm","confirm":"5fd00254-1a1d-4325-a3df-281bee4b9940","ts":"2025-11-05T10:52:00.479-05:00","source":{"id":"0","name":"eventBus"}}
{"__type":"$$EventMessageNode","id":"60d65082-9f33-4a77-9e38-7011df5733da","ts":"2025-11-05T10:52:00.480-05:00","eventName":"n8n.node.started","message":"n8n.node.started","payload":{"workflowId":"AfNyHpaLtECTzz5w","workflowName":"My workflow","executionId":"1","nodeType":"n8n-nodes-base.webhook","nodeName":"Webhook","nodeId":"d1c379fa-522e-4eeb-81e4-384e002b7e41"}}
{"__type":"$$EventMessageConfirm","confirm":"60d65082-9f33-4a77-9e38-7011df5733da","ts":"2025-11-05T10:52:00.480-05:00","source":{"id":"0","name":"eventBus"}}
{"__type":"$$EventMessageNode","id":"95a6ab7b-9351-4624-8388-55e044705ec2","ts":"2025-11-05T10:52:00.481-05:00","eventName":"n8n.node.finished","message":"n8n.node.finished","payload":{"workflowId":"AfNyHpaLtECTzz5w","workflowName":"My workflow","executionId":"1","nodeType":"n8n-nodes-base.webhook","nodeName":"Webhook","nodeId":"d1c379fa-522e-4eeb-81e4-384e002b7e41"}}
{"__type":"$$EventMessageConfirm","confirm":"95a6ab7b-9351-4624-8388-55e044705ec2","ts":"2025-11-05T10:52:00.481-05:00","source":{"id":"0","name":"eventBus"}}
{"__type":"$$EventMessageWorkflow","id":"249d5780-52a2-4bf2-baef-c26cede513d9","ts":"2025-11-05T10:52:00.483-05:00","eventName":"n8n.workflow.failed","message":"n8n.workflow.failed","payload":{"executionId":"1","success":false,"isManual":false,"workflowId":"AfNyHpaLtECTzz5w","workflowName":"My workflow","lastNodeExecuted":"Webhook","errorMessage":"Unused Respond to Webhook node found in the workflow"}}
{"__type":"$$EventMessageConfirm","confirm":"249d5780-52a2-4bf2-baef-c26cede513d9","ts":"2025-11-05T10:52:00.483-05:00","source":{"id":"0","name":"eventBus"}}
{"__type":"$$EventMessageAudit","id":"904d3b59-8147-4eeb-b5d3-c461861abde0","ts":"2025-11-05T11:01:37.752-05:00","eventName":"n8n.audit.workflow.updated","message":"n8n.audit.workflow.updated","payload":{"userId":"a614c5ae-157d-491b-9aac-da5077fb49ae","_email":"pashitoxx@gmail.com","_firstName":"JUAN","_lastName":"GONZALEZ","globalRole":"global:owner","workflowId":"AfNyHpaLtECTzz5w","workflowName":"My workflow"}}
{"__type":"$$EventMessageConfirm","confirm":"904d3b59-8147-4eeb-b5d3-c461861abde0","ts":"2025-11-05T11:01:37.752-05:00","source":{"id":"0","name":"eventBus"}}
{"__type":"$$EventMessageWorkflow","id":"e82fe15c-ee8c-4cb2-9959-fe5b73ab3d07","ts":"2025-11-05T11:01:59.429-05:00","eventName":"n8n.workflow.started","message":"n8n.workflow.started","payload":{"executionId":"2","workflowId":"AfNyHpaLtECTzz5w","isManual":false,"workflowName":"My workflow"}}
{"__type":"$$EventMessageConfirm","confirm":"e82fe15c-ee8c-4cb2-9959-fe5b73ab3d07","ts":"2025-11-05T11:01:59.429-05:00","source":{"id":"0","name":"eventBus"}}
{"__type":"$$EventMessageNode","id":"5fca2d1a-bbcc-4b8f-8c08-3cf9b3b86d25","ts":"2025-11-05T11:01:59.429-05:00","eventName":"n8n.node.started","message":"n8n.node.started","payload":{"workflowId":"AfNyHpaLtECTzz5w","workflowName":"My workflow","executionId":"2","nodeType":"n8n-nodes-base.webhook","nodeName":"Webhook","nodeId":"d1c379fa-522e-4eeb-81e4-384e002b7e41"}}
{"__type":"$$EventMessageConfirm","confirm":"5fca2d1a-bbcc-4b8f-8c08-3cf9b3b86d25","ts":"2025-11-05T11:01:59.430-05:00","source":{"id":"0","name":"eventBus"}}
{"__type":"$$EventMessageNode","id":"2db302d7-2604-491e-9905-ce18d87ac320","ts":"2025-11-05T11:01:59.430-05:00","eventName":"n8n.node.finished","message":"n8n.node.finished","payload":{"workflowId":"AfNyHpaLtECTzz5w","workflowName":"My workflow","executionId":"2","nodeType":"n8n-nodes-base.webhook","nodeName":"Webhook","nodeId":"d1c379fa-522e-4eeb-81e4-384e002b7e41"}}
{"__type":"$$EventMessageConfirm","confirm":"2db302d7-2604-491e-9905-ce18d87ac320","ts":"2025-11-05T11:01:59.430-05:00","source":{"id":"0","name":"eventBus"}}
{"__type":"$$EventMessageWorkflow","id":"692527e4-a72b-438a-9172-46cadcca4465","ts":"2025-11-05T11:01:59.430-05:00","eventName":"n8n.workflow.failed","message":"n8n.workflow.failed","payload":{"executionId":"2","success":false,"isManual":false,"workflowId":"AfNyHpaLtECTzz5w","workflowName":"My workflow","lastNodeExecuted":"Webhook","errorMessage":"Unused Respond to Webhook node found in the workflow"}}
{"__type":"$$EventMessageConfirm","confirm":"692527e4-a72b-438a-9172-46cadcca4465","ts":"2025-11-05T11:01:59.430-05:00","source":{"id":"0","name":"eventBus"}}
{"__type":"$$EventMessageWorkflow","id":"831a7580-5d77-4f50-b807-134cca2d0f96","ts":"2025-11-05T11:05:12.904-05:00","eventName":"n8n.workflow.started","message":"n8n.workflow.started","payload":{"executionId":"3","workflowId":"AfNyHpaLtECTzz5w","isManual":false,"workflowName":"My workflow"}}
{"__type":"$$EventMessageConfirm","confirm":"831a7580-5d77-4f50-b807-134cca2d0f96","ts":"2025-11-05T11:05:12.905-05:00","source":{"id":"0","name":"eventBus"}}
{"__type":"$$EventMessageNode","id":"9987abd1-6888-4d1f-a588-f95f8afaac9c","ts":"2025-11-05T11:05:12.905-05:00","eventName":"n8n.node.started","message":"n8n.node.started","payload":{"workflowId":"AfNyHpaLtECTzz5w","workflowName":"My workflow","executionId":"3","nodeType":"n8n-nodes-base.webhook","nodeName":"Webhook","nodeId":"d1c379fa-522e-4eeb-81e4-384e002b7e41"}}
{"__type":"$$EventMessageConfirm","confirm":"9987abd1-6888-4d1f-a588-f95f8afaac9c","ts":"2025-11-05T11:05:12.905-05:00","source":{"id":"0","name":"eventBus"}}
{"__type":"$$EventMessageNode","id":"6955ae97-a2c3-407d-a328-47a5f29f66b8","ts":"2025-11-05T11:05:12.905-05:00","eventName":"n8n.node.finished","message":"n8n.node.finished","payload":{"workflowId":"AfNyHpaLtECTzz5w","workflowName":"My workflow","executionId":"3","nodeType":"n8n-nodes-base.webhook","nodeName":"Webhook","nodeId":"d1c379fa-522e-4eeb-81e4-384e002b7e41"}}
{"__type":"$$EventMessageConfirm","confirm":"6955ae97-a2c3-407d-a328-47a5f29f66b8","ts":"2025-11-05T11:05:12.905-05:00","source":{"id":"0","name":"eventBus"}}
{"__type":"$$EventMessageWorkflow","id":"10bd6f63-e96b-43fb-9373-324ee5d54422","ts":"2025-11-05T11:05:12.905-05:00","eventName":"n8n.workflow.failed","message":"n8n.workflow.failed","payload":{"executionId":"3","success":false,"isManual":false,"workflowId":"AfNyHpaLtECTzz5w","workflowName":"My workflow","lastNodeExecuted":"Webhook","errorMessage":"Unused Respond to Webhook node found in the workflow"}}
{"__type":"$$EventMessageConfirm","confirm":"10bd6f63-e96b-43fb-9373-324ee5d54422","ts":"2025-11-05T11:05:12.906-05:00","source":{"id":"0","name":"eventBus"}}
